<?xml version="1.0" encoding="UTF-8"?>
<testsuite xmlns:xsi="http://www.w3.org/2001/XMLSchema-instance" xsi:noNamespaceSchemaLocation="https://maven.apache.org/surefire/maven-surefire-plugin/xsd/surefire-test-report.xsd" name="dev.service.PlatServiceVersion2IntegrationTest" time="0.125" tests="2" errors="0" skipped="0" failures="0">
  <properties>
[...]
</properties>
  <testcase name="testAjouterPlatInvalidePrix" classname="dev.service.PlatServiceVersion2IntegrationTest" time="0.001"/>
  <testcase name="testAjouterPlatNomPrixValide" classname="dev.service.PlatServiceVersion2IntegrationTest" time="0.001"/>
</testsuite>